2018-03-15 13:52:37,621 [Worker-5] INFO  o.e.m.c.i.l.LifecycleMappingFactory - Using org.eclipse.m2e.jdt.JarLifecycleMapping lifecycle mapping for MavenProject: com.cognizant:Craft:1.0 @ C:\Users\SBitra\Desktop\SFDC Automation Code _02012018\SFDC-Automation\SFDC_Automation_Regression_Test_Scripts\pom.xml.
2018-03-15 13:52:41,283 [Worker-5] INFO  o.e.m.c.i.embedder.EclipseLogger - Using 'UTF-8' encoding to copy filtered resources.
2018-03-15 13:52:41,284 [Worker-5] INFO  o.e.m.c.i.embedder.EclipseLogger - skip non existing resourceDirectory C:\Users\SBitra\Desktop\SFDC Automation Code _02012018\SFDC-Automation\SFDC_Automation_Regression_Test_Scripts\src\main\resources
2018-03-15 13:52:41,287 [Worker-5] INFO  o.e.m.c.i.embedder.EclipseLogger - Using 'UTF-8' encoding to copy filtered resources.
2018-03-15 13:52:41,306 [Worker-5] INFO  o.e.m.c.i.embedder.EclipseLogger - Copying 36 resources
2018-03-15 13:53:34,152 [Worker-12] INFO  o.e.m.c.i.embedder.EclipseLogger - Using 'UTF-8' encoding to copy filtered resources.
2018-03-15 13:53:34,153 [Worker-12] INFO  o.e.m.c.i.embedder.EclipseLogger - skip non existing resourceDirectory C:\Users\SBitra\Desktop\SFDC Automation Code _02012018\SFDC-Automation\SFDC_Automation_Regression_Test_Scripts\src\main\resources
2018-03-15 13:53:34,155 [Worker-12] INFO  o.e.m.c.i.embedder.EclipseLogger - Using 'UTF-8' encoding to copy filtered resources.
2018-03-15 13:53:34,158 [Worker-12] INFO  o.e.m.c.i.embedder.EclipseLogger - Copying 1 resource
2018-03-15 14:28:46,058 [Worker-29] INFO  o.e.m.c.i.embedder.EclipseLogger - Using 'UTF-8' encoding to copy filtered resources.
2018-03-15 14:28:46,058 [Worker-29] INFO  o.e.m.c.i.embedder.EclipseLogger - skip non existing resourceDirectory C:\Users\SBitra\Desktop\SFDC Automation Code _02012018\SFDC-Automation\SFDC_Automation_Regression_Test_Scripts\src\main\resources
2018-03-15 14:28:46,066 [Worker-29] INFO  o.e.m.c.i.embedder.EclipseLogger - Using 'UTF-8' encoding to copy filtered resources.
2018-03-15 14:28:46,066 [Worker-29] INFO  o.e.m.c.i.embedder.EclipseLogger - Copying 1 resource
2018-03-15 15:13:20,615 [Worker-48] INFO  o.e.m.c.i.embedder.EclipseLogger - Using 'UTF-8' encoding to copy filtered resources.
2018-03-15 15:13:20,619 [Worker-48] INFO  o.e.m.c.i.embedder.EclipseLogger - skip non existing resourceDirectory C:\Users\SBitra\Desktop\SFDC Automation Code _02012018\SFDC-Automation\SFDC_Automation_Regression_Test_Scripts\src\main\resources
2018-03-15 15:13:20,623 [Worker-48] INFO  o.e.m.c.i.embedder.EclipseLogger - Using 'UTF-8' encoding to copy filtered resources.
2018-03-15 15:13:20,623 [Worker-48] INFO  o.e.m.c.i.embedder.EclipseLogger - Copying 1 resource
2018-03-15 15:48:09,945 [Worker-29] INFO  o.e.m.c.i.embedder.EclipseLogger - Using 'UTF-8' encoding to copy filtered resources.
2018-03-15 15:48:09,953 [Worker-29] INFO  o.e.m.c.i.embedder.EclipseLogger - skip non existing resourceDirectory C:\Users\SBitra\Desktop\SFDC Automation Code _02012018\SFDC-Automation\SFDC_Automation_Regression_Test_Scripts\src\main\resources
2018-03-15 15:48:09,955 [Worker-29] INFO  o.e.m.c.i.embedder.EclipseLogger - Using 'UTF-8' encoding to copy filtered resources.
2018-03-15 15:48:09,965 [Worker-29] INFO  o.e.m.c.i.embedder.EclipseLogger - Copying 37 resources
2018-03-15 15:48:54,778 [Worker-29] INFO  o.e.m.c.i.p.ProjectConfigurationManager - Update started
2018-03-15 15:48:59,121 [Worker-29] INFO  o.e.m.c.i.l.LifecycleMappingFactory - Using org.eclipse.m2e.jdt.JarLifecycleMapping lifecycle mapping for MavenProject: com.cognizant:Craft:1.0 @ C:\Users\SBitra\Desktop\SFDC Automation Code _02012018\SFDC-Automation\SFDC_Automation_Regression_Test_Scripts\pom.xml.
2018-03-15 15:49:00,703 [Worker-29] INFO  o.e.m.j.i.AbstractJavaProjectConfigurator - Adding source folder /SFDC_Automation_Regression_Test_Scripts/src/main/java
2018-03-15 15:49:00,712 [Worker-29] INFO  o.e.m.j.i.AbstractJavaProjectConfigurator - Adding source folder /SFDC_Automation_Regression_Test_Scripts/src/test/java
2018-03-15 15:49:00,713 [Worker-29] INFO  o.e.m.j.i.AbstractJavaProjectConfigurator - Adding resource folder /SFDC_Automation_Regression_Test_Scripts/src/test/resources
2018-03-15 15:49:02,099 [Worker-29] INFO  o.e.m.c.i.p.ProjectConfigurationManager - Update completed: 7 sec
2018-03-15 15:49:13,788 [Worker-29] INFO  o.e.m.c.i.embedder.EclipseLogger - Using 'UTF-8' encoding to copy filtered resources.
2018-03-15 15:49:13,788 [Worker-29] INFO  o.e.m.c.i.embedder.EclipseLogger - skip non existing resourceDirectory C:\Users\SBitra\Desktop\SFDC Automation Code _02012018\SFDC-Automation\SFDC_Automation_Regression_Test_Scripts\src\main\resources
2018-03-15 15:49:13,790 [Worker-29] INFO  o.e.m.c.i.embedder.EclipseLogger - Using 'UTF-8' encoding to copy filtered resources.
2018-03-15 15:49:13,791 [Worker-29] INFO  o.e.m.c.i.embedder.EclipseLogger - Copying 37 resources
2018-03-15 15:50:55,496 [Worker-29] INFO  o.e.m.c.i.embedder.EclipseLogger - Using 'UTF-8' encoding to copy filtered resources.
2018-03-15 15:50:55,497 [Worker-29] INFO  o.e.m.c.i.embedder.EclipseLogger - skip non existing resourceDirectory C:\Users\SBitra\Desktop\SFDC Automation Code _02012018\SFDC-Automation\SFDC_Automation_Regression_Test_Scripts\src\main\resources
2018-03-15 15:50:55,498 [Worker-29] INFO  o.e.m.c.i.embedder.EclipseLogger - Using 'UTF-8' encoding to copy filtered resources.
2018-03-15 15:50:55,508 [Worker-29] INFO  o.e.m.c.i.embedder.EclipseLogger - Copying 37 resources
2018-03-15 15:54:45,950 [Worker-34] INFO  o.e.m.c.i.embedder.EclipseLogger - Using 'UTF-8' encoding to copy filtered resources.
2018-03-15 15:54:45,951 [Worker-34] INFO  o.e.m.c.i.embedder.EclipseLogger - skip non existing resourceDirectory C:\Users\SBitra\Desktop\SFDC Automation Code _02012018\SFDC-Automation\SFDC_Automation_Regression_Test_Scripts\src\main\resources
2018-03-15 15:54:45,956 [Worker-34] INFO  o.e.m.c.i.embedder.EclipseLogger - Using 'UTF-8' encoding to copy filtered resources.
2018-03-15 15:54:45,960 [Worker-34] INFO  o.e.m.c.i.embedder.EclipseLogger - Copying 1 resource
2018-03-15 15:57:09,197 [Worker-36] INFO  o.e.m.c.i.embedder.EclipseLogger - Using 'UTF-8' encoding to copy filtered resources.
2018-03-15 15:57:09,197 [Worker-36] INFO  o.e.m.c.i.embedder.EclipseLogger - skip non existing resourceDirectory C:\Users\SBitra\Desktop\SFDC Automation Code _02012018\SFDC-Automation\SFDC_Automation_Regression_Test_Scripts\src\main\resources
2018-03-15 15:57:09,198 [Worker-36] INFO  o.e.m.c.i.embedder.EclipseLogger - Using 'UTF-8' encoding to copy filtered resources.
2018-03-15 15:57:09,199 [Worker-36] INFO  o.e.m.c.i.embedder.EclipseLogger - Copying 1 resource
2018-03-16 12:11:47,607 [Worker-121] INFO  o.e.m.c.i.embedder.EclipseLogger - Using 'UTF-8' encoding to copy filtered resources.
2018-03-16 12:11:47,610 [Worker-121] INFO  o.e.m.c.i.embedder.EclipseLogger - skip non existing resourceDirectory C:\Users\SBitra\Desktop\SFDC Automation Code _02012018\SFDC-Automation\SFDC_Automation_Regression_Test_Scripts\src\main\resources
2018-03-16 12:11:47,612 [Worker-121] INFO  o.e.m.c.i.embedder.EclipseLogger - Using 'UTF-8' encoding to copy filtered resources.
2018-03-16 12:11:47,613 [Worker-121] INFO  o.e.m.c.i.embedder.EclipseLogger - Copying 1 resource
2018-03-16 13:32:51,407 [Worker-145] INFO  o.e.m.c.i.embedder.EclipseLogger - Using 'UTF-8' encoding to copy filtered resources.
2018-03-16 13:32:51,409 [Worker-145] INFO  o.e.m.c.i.embedder.EclipseLogger - skip non existing resourceDirectory C:\Users\SBitra\Desktop\SFDC Automation Code _02012018\SFDC-Automation\SFDC_Automation_Regression_Test_Scripts\src\main\resources
2018-03-16 13:32:51,412 [Worker-145] INFO  o.e.m.c.i.embedder.EclipseLogger - Using 'UTF-8' encoding to copy filtered resources.
2018-03-16 13:32:51,413 [Worker-145] INFO  o.e.m.c.i.embedder.EclipseLogger - Copying 1 resource
2018-03-16 13:50:28,591 [Worker-150] INFO  o.e.m.c.i.embedder.EclipseLogger - Using 'UTF-8' encoding to copy filtered resources.
2018-03-16 13:50:28,593 [Worker-150] INFO  o.e.m.c.i.embedder.EclipseLogger - skip non existing resourceDirectory C:\Users\SBitra\Desktop\SFDC Automation Code _02012018\SFDC-Automation\SFDC_Automation_Regression_Test_Scripts\src\main\resources
2018-03-16 13:50:28,596 [Worker-150] INFO  o.e.m.c.i.embedder.EclipseLogger - Using 'UTF-8' encoding to copy filtered resources.
2018-03-16 13:50:28,597 [Worker-150] INFO  o.e.m.c.i.embedder.EclipseLogger - Copying 1 resource
2018-03-16 13:56:16,618 [Worker-155] INFO  o.e.m.c.i.embedder.EclipseLogger - Using 'UTF-8' encoding to copy filtered resources.
2018-03-16 13:56:16,618 [Worker-155] INFO  o.e.m.c.i.embedder.EclipseLogger - skip non existing resourceDirectory C:\Users\SBitra\Desktop\SFDC Automation Code _02012018\SFDC-Automation\SFDC_Automation_Regression_Test_Scripts\src\main\resources
2018-03-16 13:56:16,634 [Worker-155] INFO  o.e.m.c.i.embedder.EclipseLogger - Using 'UTF-8' encoding to copy filtered resources.
2018-03-16 13:56:16,656 [Worker-155] INFO  o.e.m.c.i.embedder.EclipseLogger - Copying 37 resources
2018-03-16 13:56:17,758 [Worker-155] INFO  o.e.m.c.i.embedder.EclipseLogger - Using 'UTF-8' encoding to copy filtered resources.
2018-03-16 13:56:17,758 [Worker-155] INFO  o.e.m.c.i.embedder.EclipseLogger - skip non existing resourceDirectory C:\Users\SBitra\Desktop\SFDC Automation Code _02012018\SFDC-Automation\SFDC_Automation_Regression_Test_Scripts\src\main\resources
2018-03-16 13:56:17,760 [Worker-155] INFO  o.e.m.c.i.embedder.EclipseLogger - Using 'UTF-8' encoding to copy filtered resources.
2018-03-16 13:56:17,760 [Worker-155] INFO  o.e.m.c.i.embedder.EclipseLogger - Copying 1 resource
2018-03-16 14:22:33,319 [Worker-170] INFO  o.e.m.c.i.embedder.EclipseLogger - Using 'UTF-8' encoding to copy filtered resources.
2018-03-16 14:22:33,320 [Worker-170] INFO  o.e.m.c.i.embedder.EclipseLogger - skip non existing resourceDirectory C:\Users\SBitra\Desktop\SFDC Automation Code _02012018\SFDC-Automation\SFDC_Automation_Regression_Test_Scripts\src\main\resources
2018-03-16 14:22:33,321 [Worker-170] INFO  o.e.m.c.i.embedder.EclipseLogger - Using 'UTF-8' encoding to copy filtered resources.
2018-03-16 14:22:33,326 [Worker-170] INFO  o.e.m.c.i.embedder.EclipseLogger - Copying 37 resources
2018-03-16 14:30:11,522 [Worker-170] INFO  o.e.m.c.i.embedder.EclipseLogger - Using 'UTF-8' encoding to copy filtered resources.
2018-03-16 14:30:11,522 [Worker-170] INFO  o.e.m.c.i.embedder.EclipseLogger - skip non existing resourceDirectory C:\Users\SBitra\Desktop\SFDC Automation Code _02012018\SFDC-Automation\SFDC_Automation_Regression_Test_Scripts\src\main\resources
2018-03-16 14:30:11,523 [Worker-170] INFO  o.e.m.c.i.embedder.EclipseLogger - Using 'UTF-8' encoding to copy filtered resources.
2018-03-16 14:30:11,531 [Worker-170] INFO  o.e.m.c.i.embedder.EclipseLogger - Copying 37 resources
2018-03-16 14:31:27,563 [Worker-178] INFO  o.e.m.c.i.embedder.EclipseLogger - Using 'UTF-8' encoding to copy filtered resources.
2018-03-16 14:31:27,563 [Worker-178] INFO  o.e.m.c.i.embedder.EclipseLogger - skip non existing resourceDirectory C:\Users\SBitra\Desktop\SFDC Automation Code _02012018\SFDC-Automation\SFDC_Automation_Regression_Test_Scripts\src\main\resources
2018-03-16 14:31:27,563 [Worker-178] INFO  o.e.m.c.i.embedder.EclipseLogger - Using 'UTF-8' encoding to copy filtered resources.
2018-03-16 14:31:27,563 [Worker-178] INFO  o.e.m.c.i.embedder.EclipseLogger - Copying 1 resource
2018-03-16 14:44:01,607 [Worker-178] INFO  o.e.m.c.i.embedder.EclipseLogger - Using 'UTF-8' encoding to copy filtered resources.
2018-03-16 14:44:01,608 [Worker-178] INFO  o.e.m.c.i.embedder.EclipseLogger - skip non existing resourceDirectory C:\Users\SBitra\Desktop\SFDC Automation Code _02012018\SFDC-Automation\SFDC_Automation_Regression_Test_Scripts\src\main\resources
2018-03-16 14:44:01,610 [Worker-178] INFO  o.e.m.c.i.embedder.EclipseLogger - Using 'UTF-8' encoding to copy filtered resources.
2018-03-16 14:44:01,611 [Worker-178] INFO  o.e.m.c.i.embedder.EclipseLogger - Copying 1 resource
2018-03-16 14:45:50,787 [Worker-178] INFO  o.e.m.c.i.embedder.EclipseLogger - Using 'UTF-8' encoding to copy filtered resources.
2018-03-16 14:45:50,788 [Worker-178] INFO  o.e.m.c.i.embedder.EclipseLogger - skip non existing resourceDirectory C:\Users\SBitra\Desktop\SFDC Automation Code _02012018\SFDC-Automation\SFDC_Automation_Regression_Test_Scripts\src\main\resources
2018-03-16 14:45:50,790 [Worker-178] INFO  o.e.m.c.i.embedder.EclipseLogger - Using 'UTF-8' encoding to copy filtered resources.
2018-03-16 14:45:50,790 [Worker-178] INFO  o.e.m.c.i.embedder.EclipseLogger - Copying 1 resource
2018-03-16 14:58:21,116 [Worker-186] INFO  o.e.m.c.i.embedder.EclipseLogger - Using 'UTF-8' encoding to copy filtered resources.
2018-03-16 14:58:21,116 [Worker-186] INFO  o.e.m.c.i.embedder.EclipseLogger - skip non existing resourceDirectory C:\Users\SBitra\Desktop\SFDC Automation Code _02012018\SFDC-Automation\SFDC_Automation_Regression_Test_Scripts\src\main\resources
2018-03-16 14:58:21,119 [Worker-186] INFO  o.e.m.c.i.embedder.EclipseLogger - Using 'UTF-8' encoding to copy filtered resources.
2018-03-16 14:58:21,127 [Worker-186] INFO  o.e.m.c.i.embedder.EclipseLogger - Copying 37 resources
2018-03-16 14:58:22,369 [Worker-189] INFO  o.e.m.c.i.embedder.EclipseLogger - Using 'UTF-8' encoding to copy filtered resources.
2018-03-16 14:58:22,369 [Worker-189] INFO  o.e.m.c.i.embedder.EclipseLogger - skip non existing resourceDirectory C:\Users\SBitra\Desktop\SFDC Automation Code _02012018\SFDC-Automation\SFDC_Automation_Regression_Test_Scripts\src\main\resources
2018-03-16 14:58:22,372 [Worker-189] INFO  o.e.m.c.i.embedder.EclipseLogger - Using 'UTF-8' encoding to copy filtered resources.
2018-03-16 14:58:22,372 [Worker-189] INFO  o.e.m.c.i.embedder.EclipseLogger - Copying 1 resource
2018-03-16 15:00:53,327 [Worker-187] INFO  o.e.m.c.i.embedder.EclipseLogger - Using 'UTF-8' encoding to copy filtered resources.
2018-03-16 15:00:53,327 [Worker-187] INFO  o.e.m.c.i.embedder.EclipseLogger - skip non existing resourceDirectory C:\Users\SBitra\Desktop\SFDC Automation Code _02012018\SFDC-Automation\SFDC_Automation_Regression_Test_Scripts\src\main\resources
2018-03-16 15:00:53,327 [Worker-187] INFO  o.e.m.c.i.embedder.EclipseLogger - Using 'UTF-8' encoding to copy filtered resources.
2018-03-16 15:00:53,335 [Worker-187] INFO  o.e.m.c.i.embedder.EclipseLogger - Copying 37 resources
2018-03-16 15:28:30,966 [Worker-198] INFO  o.e.m.c.i.embedder.EclipseLogger - Using 'UTF-8' encoding to copy filtered resources.
2018-03-16 15:28:30,966 [Worker-198] INFO  o.e.m.c.i.embedder.EclipseLogger - skip non existing resourceDirectory C:\Users\SBitra\Desktop\SFDC Automation Code _02012018\SFDC-Automation\SFDC_Automation_Regression_Test_Scripts\src\main\resources
2018-03-16 15:28:30,966 [Worker-198] INFO  o.e.m.c.i.embedder.EclipseLogger - Using 'UTF-8' encoding to copy filtered resources.
2018-03-16 15:28:30,966 [Worker-198] INFO  o.e.m.c.i.embedder.EclipseLogger - Copying 37 resources
2018-03-16 22:36:35,541 [Worker-322] INFO  o.e.m.c.i.embedder.EclipseLogger - Using 'UTF-8' encoding to copy filtered resources.
2018-03-16 22:36:35,541 [Worker-322] INFO  o.e.m.c.i.embedder.EclipseLogger - skip non existing resourceDirectory C:\Users\SBitra\Desktop\SFDC Automation Code _02012018\SFDC-Automation\SFDC_Automation_Regression_Test_Scripts\src\main\resources
2018-03-16 22:36:35,649 [Worker-322] INFO  o.e.m.c.i.embedder.EclipseLogger - Using 'UTF-8' encoding to copy filtered resources.
2018-03-16 22:36:35,665 [Worker-322] INFO  o.e.m.c.i.embedder.EclipseLogger - Copying 37 resources
2018-03-16 22:39:46,924 [Worker-323] INFO  o.e.m.c.i.embedder.EclipseLogger - Using 'UTF-8' encoding to copy filtered resources.
2018-03-16 22:39:46,924 [Worker-323] INFO  o.e.m.c.i.embedder.EclipseLogger - skip non existing resourceDirectory C:\Users\SBitra\Desktop\SFDC Automation Code _02012018\SFDC-Automation\SFDC_Automation_Regression_Test_Scripts\src\main\resources
2018-03-16 22:39:46,924 [Worker-323] INFO  o.e.m.c.i.embedder.EclipseLogger - Using 'UTF-8' encoding to copy filtered resources.
2018-03-16 22:39:46,936 [Worker-323] INFO  o.e.m.c.i.embedder.EclipseLogger - Copying 37 resources
2018-03-16 22:47:28,979 [Worker-330] INFO  o.e.m.c.i.embedder.EclipseLogger - Using 'UTF-8' encoding to copy filtered resources.
2018-03-16 22:47:28,983 [Worker-330] INFO  o.e.m.c.i.embedder.EclipseLogger - skip non existing resourceDirectory C:\Users\SBitra\Desktop\SFDC Automation Code _02012018\SFDC-Automation\SFDC_Automation_Regression_Test_Scripts\src\main\resources
2018-03-16 22:47:28,983 [Worker-330] INFO  o.e.m.c.i.embedder.EclipseLogger - Using 'UTF-8' encoding to copy filtered resources.
2018-03-16 22:47:28,995 [Worker-330] INFO  o.e.m.c.i.embedder.EclipseLogger - Copying 37 resources
2018-03-16 22:51:37,283 [Worker-332] INFO  o.e.m.c.i.embedder.EclipseLogger - Using 'UTF-8' encoding to copy filtered resources.
2018-03-16 22:51:37,283 [Worker-332] INFO  o.e.m.c.i.embedder.EclipseLogger - skip non existing resourceDirectory C:\Users\SBitra\Desktop\SFDC Automation Code _02012018\SFDC-Automation\SFDC_Automation_Regression_Test_Scripts\src\main\resources
2018-03-16 22:51:37,287 [Worker-332] INFO  o.e.m.c.i.embedder.EclipseLogger - Using 'UTF-8' encoding to copy filtered resources.
2018-03-16 22:51:37,295 [Worker-332] INFO  o.e.m.c.i.embedder.EclipseLogger - Copying 37 resources
2018-03-16 22:53:01,674 [Worker-325] INFO  o.e.m.c.i.embedder.EclipseLogger - Using 'UTF-8' encoding to copy filtered resources.
2018-03-16 22:53:01,674 [Worker-325] INFO  o.e.m.c.i.embedder.EclipseLogger - skip non existing resourceDirectory C:\Users\SBitra\Desktop\SFDC Automation Code _02012018\SFDC-Automation\SFDC_Automation_Regression_Test_Scripts\src\main\resources
2018-03-16 22:53:01,678 [Worker-325] INFO  o.e.m.c.i.embedder.EclipseLogger - Using 'UTF-8' encoding to copy filtered resources.
2018-03-16 22:53:01,678 [Worker-325] INFO  o.e.m.c.i.embedder.EclipseLogger - Copying 1 resource
2018-03-16 23:15:09,070 [Worker-342] INFO  o.e.m.c.i.embedder.EclipseLogger - Using 'UTF-8' encoding to copy filtered resources.
2018-03-16 23:15:09,070 [Worker-342] INFO  o.e.m.c.i.embedder.EclipseLogger - skip non existing resourceDirectory C:\Users\SBitra\Desktop\SFDC Automation Code _02012018\SFDC-Automation\SFDC_Automation_Regression_Test_Scripts\src\main\resources
2018-03-16 23:15:09,074 [Worker-342] INFO  o.e.m.c.i.embedder.EclipseLogger - Using 'UTF-8' encoding to copy filtered resources.
2018-03-16 23:15:09,082 [Worker-342] INFO  o.e.m.c.i.embedder.EclipseLogger - Copying 37 resources
2018-03-16 23:21:24,809 [Worker-344] INFO  o.e.m.c.i.embedder.EclipseLogger - Using 'UTF-8' encoding to copy filtered resources.
2018-03-16 23:21:24,809 [Worker-344] INFO  o.e.m.c.i.embedder.EclipseLogger - skip non existing resourceDirectory C:\Users\SBitra\Desktop\SFDC Automation Code _02012018\SFDC-Automation\SFDC_Automation_Regression_Test_Scripts\src\main\resources
2018-03-16 23:21:24,809 [Worker-344] INFO  o.e.m.c.i.embedder.EclipseLogger - Using 'UTF-8' encoding to copy filtered resources.
2018-03-16 23:21:24,821 [Worker-344] INFO  o.e.m.c.i.embedder.EclipseLogger - Copying 37 resources
2018-03-17 07:00:24,540 [Worker-350] INFO  o.e.m.c.i.embedder.EclipseLogger - Using 'UTF-8' encoding to copy filtered resources.
2018-03-17 07:00:24,540 [Worker-350] INFO  o.e.m.c.i.embedder.EclipseLogger - skip non existing resourceDirectory C:\Users\SBitra\Desktop\SFDC Automation Code _02012018\SFDC-Automation\SFDC_Automation_Regression_Test_Scripts\src\main\resources
2018-03-17 07:00:24,540 [Worker-350] INFO  o.e.m.c.i.embedder.EclipseLogger - Using 'UTF-8' encoding to copy filtered resources.
2018-03-17 07:00:24,540 [Worker-350] INFO  o.e.m.c.i.embedder.EclipseLogger - Copying 1 resource
2018-03-17 07:20:14,913 [Worker-347] INFO  o.e.m.c.i.embedder.EclipseLogger - Using 'UTF-8' encoding to copy filtered resources.
2018-03-17 07:20:14,913 [Worker-347] INFO  o.e.m.c.i.embedder.EclipseLogger - skip non existing resourceDirectory C:\Users\SBitra\Desktop\SFDC Automation Code _02012018\SFDC-Automation\SFDC_Automation_Regression_Test_Scripts\src\main\resources
2018-03-17 07:20:14,928 [Worker-347] INFO  o.e.m.c.i.embedder.EclipseLogger - Using 'UTF-8' encoding to copy filtered resources.
2018-03-17 07:20:14,928 [Worker-347] INFO  o.e.m.c.i.embedder.EclipseLogger - Copying 1 resource
2018-03-17 07:25:22,010 [Worker-352] INFO  o.e.m.c.i.embedder.EclipseLogger - Using 'UTF-8' encoding to copy filtered resources.
2018-03-17 07:25:22,010 [Worker-352] INFO  o.e.m.c.i.embedder.EclipseLogger - skip non existing resourceDirectory C:\Users\SBitra\Desktop\SFDC Automation Code _02012018\SFDC-Automation\SFDC_Automation_Regression_Test_Scripts\src\main\resources
2018-03-17 07:25:22,010 [Worker-352] INFO  o.e.m.c.i.embedder.EclipseLogger - Using 'UTF-8' encoding to copy filtered resources.
2018-03-17 07:25:22,014 [Worker-352] INFO  o.e.m.c.i.embedder.EclipseLogger - Copying 1 resource
2018-03-17 12:49:27,038 [Worker-381] INFO  o.e.m.c.i.embedder.EclipseLogger - Using 'UTF-8' encoding to copy filtered resources.
2018-03-17 12:49:27,038 [Worker-381] INFO  o.e.m.c.i.embedder.EclipseLogger - skip non existing resourceDirectory C:\Users\SBitra\Desktop\SFDC Automation Code _02012018\SFDC-Automation\SFDC_Automation_Regression_Test_Scripts\src\main\resources
2018-03-17 12:49:27,042 [Worker-381] INFO  o.e.m.c.i.embedder.EclipseLogger - Using 'UTF-8' encoding to copy filtered resources.
2018-03-17 12:49:27,054 [Worker-381] INFO  o.e.m.c.i.embedder.EclipseLogger - Copying 37 resources
2018-03-17 12:50:41,911 [Worker-410] INFO  o.e.m.c.i.embedder.EclipseLogger - Using 'UTF-8' encoding to copy filtered resources.
2018-03-17 12:50:41,911 [Worker-410] INFO  o.e.m.c.i.embedder.EclipseLogger - skip non existing resourceDirectory C:\Users\SBitra\Desktop\SFDC Automation Code _02012018\SFDC-Automation\SFDC_Automation_Regression_Test_Scripts\src\main\resources
2018-03-17 12:50:41,911 [Worker-410] INFO  o.e.m.c.i.embedder.EclipseLogger - Using 'UTF-8' encoding to copy filtered resources.
2018-03-17 12:50:41,911 [Worker-410] INFO  o.e.m.c.i.embedder.EclipseLogger - Copying 1 resource
2018-03-17 12:51:58,323 [Worker-411] INFO  o.e.m.c.i.embedder.EclipseLogger - Using 'UTF-8' encoding to copy filtered resources.
2018-03-17 12:51:58,323 [Worker-411] INFO  o.e.m.c.i.embedder.EclipseLogger - skip non existing resourceDirectory C:\Users\SBitra\Desktop\SFDC Automation Code _02012018\SFDC-Automation\SFDC_Automation_Regression_Test_Scripts\src\main\resources
2018-03-17 12:51:58,331 [Worker-411] INFO  o.e.m.c.i.embedder.EclipseLogger - Using 'UTF-8' encoding to copy filtered resources.
2018-03-17 12:51:58,331 [Worker-411] INFO  o.e.m.c.i.embedder.EclipseLogger - Copying 1 resource
2018-03-17 12:56:41,974 [Worker-410] INFO  o.e.m.c.i.embedder.EclipseLogger - Using 'UTF-8' encoding to copy filtered resources.
2018-03-17 12:56:41,974 [Worker-410] INFO  o.e.m.c.i.embedder.EclipseLogger - skip non existing resourceDirectory C:\Users\SBitra\Desktop\SFDC Automation Code _02012018\SFDC-Automation\SFDC_Automation_Regression_Test_Scripts\src\main\resources
2018-03-17 12:56:41,978 [Worker-410] INFO  o.e.m.c.i.embedder.EclipseLogger - Using 'UTF-8' encoding to copy filtered resources.
2018-03-17 12:56:41,986 [Worker-410] INFO  o.e.m.c.i.embedder.EclipseLogger - Copying 37 resources
2018-03-17 13:01:42,796 [Worker-410] INFO  o.e.m.c.i.embedder.EclipseLogger - Using 'UTF-8' encoding to copy filtered resources.
2018-03-17 13:01:42,796 [Worker-410] INFO  o.e.m.c.i.embedder.EclipseLogger - skip non existing resourceDirectory C:\Users\SBitra\Desktop\SFDC Automation Code _02012018\SFDC-Automation\SFDC_Automation_Regression_Test_Scripts\src\main\resources
2018-03-17 13:01:42,800 [Worker-410] INFO  o.e.m.c.i.embedder.EclipseLogger - Using 'UTF-8' encoding to copy filtered resources.
2018-03-17 13:01:42,808 [Worker-410] INFO  o.e.m.c.i.embedder.EclipseLogger - Copying 37 resources
2018-03-17 13:05:43,244 [Worker-396] INFO  o.e.m.c.i.embedder.EclipseLogger - Using 'UTF-8' encoding to copy filtered resources.
2018-03-17 13:05:43,244 [Worker-396] INFO  o.e.m.c.i.embedder.EclipseLogger - skip non existing resourceDirectory C:\Users\SBitra\Desktop\SFDC Automation Code _02012018\SFDC-Automation\SFDC_Automation_Regression_Test_Scripts\src\main\resources
2018-03-17 13:05:43,244 [Worker-396] INFO  o.e.m.c.i.embedder.EclipseLogger - Using 'UTF-8' encoding to copy filtered resources.
2018-03-17 13:05:43,252 [Worker-396] INFO  o.e.m.c.i.embedder.EclipseLogger - Copying 37 resources
2018-03-17 13:08:37,011 [Worker-396] INFO  o.e.m.c.i.embedder.EclipseLogger - Using 'UTF-8' encoding to copy filtered resources.
2018-03-17 13:08:37,015 [Worker-396] INFO  o.e.m.c.i.embedder.EclipseLogger - skip non existing resourceDirectory C:\Users\SBitra\Desktop\SFDC Automation Code _02012018\SFDC-Automation\SFDC_Automation_Regression_Test_Scripts\src\main\resources
2018-03-17 13:08:37,015 [Worker-396] INFO  o.e.m.c.i.embedder.EclipseLogger - Using 'UTF-8' encoding to copy filtered resources.
2018-03-17 13:08:37,023 [Worker-396] INFO  o.e.m.c.i.embedder.EclipseLogger - Copying 37 resources
2018-03-17 13:10:44,584 [Worker-409] INFO  o.e.m.c.i.embedder.EclipseLogger - Using 'UTF-8' encoding to copy filtered resources.
2018-03-17 13:10:44,584 [Worker-409] INFO  o.e.m.c.i.embedder.EclipseLogger - skip non existing resourceDirectory C:\Users\SBitra\Desktop\SFDC Automation Code _02012018\SFDC-Automation\SFDC_Automation_Regression_Test_Scripts\src\main\resources
2018-03-17 13:10:44,588 [Worker-409] INFO  o.e.m.c.i.embedder.EclipseLogger - Using 'UTF-8' encoding to copy filtered resources.
2018-03-17 13:10:44,596 [Worker-409] INFO  o.e.m.c.i.embedder.EclipseLogger - Copying 37 resources
2018-03-17 13:17:07,464 [Worker-409] INFO  o.e.m.c.i.embedder.EclipseLogger - Using 'UTF-8' encoding to copy filtered resources.
2018-03-17 13:17:07,464 [Worker-409] INFO  o.e.m.c.i.embedder.EclipseLogger - skip non existing resourceDirectory C:\Users\SBitra\Desktop\SFDC Automation Code _02012018\SFDC-Automation\SFDC_Automation_Regression_Test_Scripts\src\main\resources
2018-03-17 13:17:07,464 [Worker-409] INFO  o.e.m.c.i.embedder.EclipseLogger - Using 'UTF-8' encoding to copy filtered resources.
2018-03-17 13:17:07,472 [Worker-409] INFO  o.e.m.c.i.embedder.EclipseLogger - Copying 37 resources
2018-03-17 15:31:51,690 [Worker-420] INFO  o.e.m.c.i.embedder.EclipseLogger - Using 'UTF-8' encoding to copy filtered resources.
2018-03-17 15:31:51,693 [Worker-420] INFO  o.e.m.c.i.embedder.EclipseLogger - skip non existing resourceDirectory C:\Users\SBitra\Desktop\SFDC Automation Code _02012018\SFDC-Automation\SFDC_Automation_Regression_Test_Scripts\src\main\resources
2018-03-17 15:31:51,694 [Worker-420] INFO  o.e.m.c.i.embedder.EclipseLogger - Using 'UTF-8' encoding to copy filtered resources.
2018-03-17 15:31:51,704 [Worker-420] INFO  o.e.m.c.i.embedder.EclipseLogger - Copying 37 resources
2018-03-17 15:33:50,261 [Worker-412] INFO  o.e.m.c.i.embedder.EclipseLogger - Using 'UTF-8' encoding to copy filtered resources.
2018-03-17 15:33:50,261 [Worker-412] INFO  o.e.m.c.i.embedder.EclipseLogger - skip non existing resourceDirectory C:\Users\SBitra\Desktop\SFDC Automation Code _02012018\SFDC-Automation\SFDC_Automation_Regression_Test_Scripts\src\main\resources
2018-03-17 15:33:50,262 [Worker-412] INFO  o.e.m.c.i.embedder.EclipseLogger - Using 'UTF-8' encoding to copy filtered resources.
2018-03-17 15:33:50,271 [Worker-412] INFO  o.e.m.c.i.embedder.EclipseLogger - Copying 37 resources
2018-03-17 15:36:46,538 [Worker-422] INFO  o.e.m.c.i.embedder.EclipseLogger - Using 'UTF-8' encoding to copy filtered resources.
2018-03-17 15:36:46,538 [Worker-422] INFO  o.e.m.c.i.embedder.EclipseLogger - skip non existing resourceDirectory C:\Users\SBitra\Desktop\SFDC Automation Code _02012018\SFDC-Automation\SFDC_Automation_Regression_Test_Scripts\src\main\resources
2018-03-17 15:36:46,539 [Worker-422] INFO  o.e.m.c.i.embedder.EclipseLogger - Using 'UTF-8' encoding to copy filtered resources.
2018-03-17 15:36:46,552 [Worker-422] INFO  o.e.m.c.i.embedder.EclipseLogger - Copying 37 resources
2018-03-17 15:38:22,192 [Worker-424] INFO  o.e.m.c.i.embedder.EclipseLogger - Using 'UTF-8' encoding to copy filtered resources.
2018-03-17 15:38:22,192 [Worker-424] INFO  o.e.m.c.i.embedder.EclipseLogger - skip non existing resourceDirectory C:\Users\SBitra\Desktop\SFDC Automation Code _02012018\SFDC-Automation\SFDC_Automation_Regression_Test_Scripts\src\main\resources
2018-03-17 15:38:22,193 [Worker-424] INFO  o.e.m.c.i.embedder.EclipseLogger - Using 'UTF-8' encoding to copy filtered resources.
2018-03-17 15:38:22,194 [Worker-424] INFO  o.e.m.c.i.embedder.EclipseLogger - Copying 1 resource
2018-03-17 17:01:05,715 [Worker-429] INFO  o.e.m.c.i.embedder.EclipseLogger - Using 'UTF-8' encoding to copy filtered resources.
2018-03-17 17:01:05,715 [Worker-429] INFO  o.e.m.c.i.embedder.EclipseLogger - skip non existing resourceDirectory C:\Users\SBitra\Desktop\SFDC Automation Code _02012018\SFDC-Automation\SFDC_Automation_Regression_Test_Scripts\src\main\resources
2018-03-17 17:01:05,715 [Worker-429] INFO  o.e.m.c.i.embedder.EclipseLogger - Using 'UTF-8' encoding to copy filtered resources.
2018-03-17 17:01:05,733 [Worker-429] INFO  o.e.m.c.i.embedder.EclipseLogger - Copying 37 resources
2018-03-17 17:01:07,001 [Worker-434] INFO  o.e.m.c.i.embedder.EclipseLogger - Using 'UTF-8' encoding to copy filtered resources.
2018-03-17 17:01:07,001 [Worker-434] INFO  o.e.m.c.i.embedder.EclipseLogger - skip non existing resourceDirectory C:\Users\SBitra\Desktop\SFDC Automation Code _02012018\SFDC-Automation\SFDC_Automation_Regression_Test_Scripts\src\main\resources
2018-03-17 17:01:07,002 [Worker-434] INFO  o.e.m.c.i.embedder.EclipseLogger - Using 'UTF-8' encoding to copy filtered resources.
2018-03-17 17:01:07,003 [Worker-434] INFO  o.e.m.c.i.embedder.EclipseLogger - Copying 1 resource
2018-03-17 17:02:15,021 [Worker-434] INFO  o.e.m.c.i.embedder.EclipseLogger - Using 'UTF-8' encoding to copy filtered resources.
2018-03-17 17:02:15,022 [Worker-434] INFO  o.e.m.c.i.embedder.EclipseLogger - skip non existing resourceDirectory C:\Users\SBitra\Desktop\SFDC Automation Code _02012018\SFDC-Automation\SFDC_Automation_Regression_Test_Scripts\src\main\resources
2018-03-17 17:02:15,023 [Worker-434] INFO  o.e.m.c.i.embedder.EclipseLogger - Using 'UTF-8' encoding to copy filtered resources.
2018-03-17 17:02:15,025 [Worker-434] INFO  o.e.m.c.i.embedder.EclipseLogger - Copying 37 resources
2018-03-17 17:04:25,834 [Worker-442] INFO  o.e.m.c.i.embedder.EclipseLogger - Using 'UTF-8' encoding to copy filtered resources.
2018-03-17 17:04:25,834 [Worker-442] INFO  o.e.m.c.i.embedder.EclipseLogger - skip non existing resourceDirectory C:\Users\SBitra\Desktop\SFDC Automation Code _02012018\SFDC-Automation\SFDC_Automation_Regression_Test_Scripts\src\main\resources
2018-03-17 17:04:25,834 [Worker-442] INFO  o.e.m.c.i.embedder.EclipseLogger - Using 'UTF-8' encoding to copy filtered resources.
2018-03-17 17:04:25,834 [Worker-442] INFO  o.e.m.c.i.embedder.EclipseLogger - Copying 1 resource
2018-03-17 17:13:10,483 [Worker-442] INFO  o.e.m.c.i.embedder.EclipseLogger - Using 'UTF-8' encoding to copy filtered resources.
2018-03-17 17:13:10,485 [Worker-442] INFO  o.e.m.c.i.embedder.EclipseLogger - skip non existing resourceDirectory C:\Users\SBitra\Desktop\SFDC Automation Code _02012018\SFDC-Automation\SFDC_Automation_Regression_Test_Scripts\src\main\resources
2018-03-17 17:13:10,486 [Worker-442] INFO  o.e.m.c.i.embedder.EclipseLogger - Using 'UTF-8' encoding to copy filtered resources.
2018-03-17 17:13:10,494 [Worker-442] INFO  o.e.m.c.i.embedder.EclipseLogger - Copying 37 resources
2018-03-17 17:29:12,129 [Worker-443] INFO  o.e.m.c.i.embedder.EclipseLogger - Using 'UTF-8' encoding to copy filtered resources.
2018-03-17 17:29:12,130 [Worker-443] INFO  o.e.m.c.i.embedder.EclipseLogger - skip non existing resourceDirectory C:\Users\SBitra\Desktop\SFDC Automation Code _02012018\SFDC-Automation\SFDC_Automation_Regression_Test_Scripts\src\main\resources
2018-03-17 17:29:12,131 [Worker-443] INFO  o.e.m.c.i.embedder.EclipseLogger - Using 'UTF-8' encoding to copy filtered resources.
2018-03-17 17:29:12,139 [Worker-443] INFO  o.e.m.c.i.embedder.EclipseLogger - Copying 37 resources
2018-03-17 17:35:56,521 [Worker-445] INFO  o.e.m.c.i.embedder.EclipseLogger - Using 'UTF-8' encoding to copy filtered resources.
2018-03-17 17:35:56,521 [Worker-445] INFO  o.e.m.c.i.embedder.EclipseLogger - skip non existing resourceDirectory C:\Users\SBitra\Desktop\SFDC Automation Code _02012018\SFDC-Automation\SFDC_Automation_Regression_Test_Scripts\src\main\resources
2018-03-17 17:35:56,521 [Worker-445] INFO  o.e.m.c.i.embedder.EclipseLogger - Using 'UTF-8' encoding to copy filtered resources.
2018-03-17 17:35:56,536 [Worker-445] INFO  o.e.m.c.i.embedder.EclipseLogger - Copying 37 resources
2018-03-17 17:38:21,886 [Worker-445] INFO  o.e.m.c.i.embedder.EclipseLogger - Using 'UTF-8' encoding to copy filtered resources.
2018-03-17 17:38:21,886 [Worker-445] INFO  o.e.m.c.i.embedder.EclipseLogger - skip non existing resourceDirectory C:\Users\SBitra\Desktop\SFDC Automation Code _02012018\SFDC-Automation\SFDC_Automation_Regression_Test_Scripts\src\main\resources
2018-03-17 17:38:21,886 [Worker-445] INFO  o.e.m.c.i.embedder.EclipseLogger - Using 'UTF-8' encoding to copy filtered resources.
2018-03-17 17:38:21,886 [Worker-445] INFO  o.e.m.c.i.embedder.EclipseLogger - Copying 1 resource
2018-03-17 17:38:50,439 [Worker-448] INFO  o.e.m.c.i.embedder.EclipseLogger - Using 'UTF-8' encoding to copy filtered resources.
2018-03-17 17:38:50,440 [Worker-448] INFO  o.e.m.c.i.embedder.EclipseLogger - skip non existing resourceDirectory C:\Users\SBitra\Desktop\SFDC Automation Code _02012018\SFDC-Automation\SFDC_Automation_Regression_Test_Scripts\src\main\resources
2018-03-17 17:38:50,440 [Worker-448] INFO  o.e.m.c.i.embedder.EclipseLogger - Using 'UTF-8' encoding to copy filtered resources.
2018-03-17 17:38:50,441 [Worker-448] INFO  o.e.m.c.i.embedder.EclipseLogger - Copying 1 resource
2018-03-17 18:00:05,540 [Worker-455] INFO  o.e.m.c.i.embedder.EclipseLogger - Using 'UTF-8' encoding to copy filtered resources.
2018-03-17 18:00:05,540 [Worker-455] INFO  o.e.m.c.i.embedder.EclipseLogger - skip non existing resourceDirectory C:\Users\SBitra\Desktop\SFDC Automation Code _02012018\SFDC-Automation\SFDC_Automation_Regression_Test_Scripts\src\main\resources
2018-03-17 18:00:05,542 [Worker-455] INFO  o.e.m.c.i.embedder.EclipseLogger - Using 'UTF-8' encoding to copy filtered resources.
2018-03-17 18:00:05,554 [Worker-455] INFO  o.e.m.c.i.embedder.EclipseLogger - Copying 37 resources
2018-03-17 18:03:15,634 [Worker-448] INFO  o.e.m.c.i.embedder.EclipseLogger - Using 'UTF-8' encoding to copy filtered resources.
2018-03-17 18:03:15,634 [Worker-448] INFO  o.e.m.c.i.embedder.EclipseLogger - skip non existing resourceDirectory C:\Users\SBitra\Desktop\SFDC Automation Code _02012018\SFDC-Automation\SFDC_Automation_Regression_Test_Scripts\src\main\resources
2018-03-17 18:03:15,635 [Worker-448] INFO  o.e.m.c.i.embedder.EclipseLogger - Using 'UTF-8' encoding to copy filtered resources.
2018-03-17 18:03:15,642 [Worker-448] INFO  o.e.m.c.i.embedder.EclipseLogger - Copying 37 resources
2018-03-17 18:06:37,118 [Worker-454] INFO  o.e.m.c.i.embedder.EclipseLogger - Using 'UTF-8' encoding to copy filtered resources.
2018-03-17 18:06:37,118 [Worker-454] INFO  o.e.m.c.i.embedder.EclipseLogger - skip non existing resourceDirectory C:\Users\SBitra\Desktop\SFDC Automation Code _02012018\SFDC-Automation\SFDC_Automation_Regression_Test_Scripts\src\main\resources
2018-03-17 18:06:37,134 [Worker-454] INFO  o.e.m.c.i.embedder.EclipseLogger - Using 'UTF-8' encoding to copy filtered resources.
2018-03-17 18:06:37,134 [Worker-454] INFO  o.e.m.c.i.embedder.EclipseLogger - Copying 1 resource
2018-03-17 22:30:48,645 [Worker-469] INFO  o.e.m.c.i.embedder.EclipseLogger - Using 'UTF-8' encoding to copy filtered resources.
2018-03-17 22:30:48,646 [Worker-469] INFO  o.e.m.c.i.embedder.EclipseLogger - skip non existing resourceDirectory C:\Users\SBitra\Desktop\SFDC Automation Code _02012018\SFDC-Automation\SFDC_Automation_Regression_Test_Scripts\src\main\resources
2018-03-17 22:30:48,648 [Worker-469] INFO  o.e.m.c.i.embedder.EclipseLogger - Using 'UTF-8' encoding to copy filtered resources.
2018-03-17 22:30:48,648 [Worker-469] INFO  o.e.m.c.i.embedder.EclipseLogger - Copying 1 resource
2018-03-18 08:38:17,998 [Worker-0] INFO  o.e.m.c.i.embedder.EclipseLogger - Using 'UTF-8' encoding to copy filtered resources.
2018-03-18 08:38:18,003 [Worker-0] INFO  o.e.m.c.i.embedder.EclipseLogger - skip non existing resourceDirectory C:\Users\SBitra\Desktop\SFDC Automation Code _02012018\SFDC-Automation\SFDC_Automation_Regression_Test_Scripts\src\main\resources
2018-03-18 08:38:18,005 [Worker-0] INFO  o.e.m.c.i.embedder.EclipseLogger - Using 'UTF-8' encoding to copy filtered resources.
2018-03-18 08:38:18,014 [Worker-0] INFO  o.e.m.c.i.embedder.EclipseLogger - Copying 37 resources
2018-03-18 08:42:16,850 [Worker-4] INFO  o.e.m.c.i.embedder.EclipseLogger - Using 'UTF-8' encoding to copy filtered resources.
2018-03-18 08:42:16,851 [Worker-4] INFO  o.e.m.c.i.embedder.EclipseLogger - skip non existing resourceDirectory C:\Users\SBitra\Desktop\SFDC Automation Code _02012018\SFDC-Automation\SFDC_Automation_Regression_Test_Scripts\src\main\resources
2018-03-18 08:42:16,853 [Worker-4] INFO  o.e.m.c.i.embedder.EclipseLogger - Using 'UTF-8' encoding to copy filtered resources.
2018-03-18 08:42:16,858 [Worker-4] INFO  o.e.m.c.i.embedder.EclipseLogger - Copying 1 resource
2018-03-18 15:40:51,322 [Worker-0] INFO  o.e.m.c.i.embedder.EclipseLogger - Using 'UTF-8' encoding to copy filtered resources.
2018-03-18 15:40:51,330 [Worker-0] INFO  o.e.m.c.i.embedder.EclipseLogger - skip non existing resourceDirectory C:\Users\SBitra\Desktop\SFDC Automation Code _02012018\SFDC-Automation\SFDC_Automation_Regression_Test_Scripts\src\main\resources
2018-03-18 15:40:51,332 [Worker-0] INFO  o.e.m.c.i.embedder.EclipseLogger - Using 'UTF-8' encoding to copy filtered resources.
2018-03-18 15:40:51,341 [Worker-0] INFO  o.e.m.c.i.embedder.EclipseLogger - Copying 37 resources
2018-04-02 11:51:39,796 [Worker-16] INFO  o.e.m.c.i.embedder.EclipseLogger - Using 'UTF-8' encoding to copy filtered resources.
2018-04-02 11:51:39,809 [Worker-16] INFO  o.e.m.c.i.embedder.EclipseLogger - skip non existing resourceDirectory C:\Users\SBitra\Desktop\SFDC Automation Code _02012018\SFDC-Automation\SFDC_Automation_Regression_Test_Scripts\src\main\resources
2018-04-02 11:51:39,812 [Worker-16] INFO  o.e.m.c.i.embedder.EclipseLogger - Using 'UTF-8' encoding to copy filtered resources.
2018-04-02 11:51:39,866 [Worker-16] INFO  o.e.m.c.i.embedder.EclipseLogger - Copying 37 resources
2018-04-02 15:26:40,868 [Worker-11] INFO  o.e.m.c.i.embedder.EclipseLogger - Using 'UTF-8' encoding to copy filtered resources.
2018-04-02 15:26:40,881 [Worker-11] INFO  o.e.m.c.i.embedder.EclipseLogger - skip non existing resourceDirectory C:\Users\SBitra\Desktop\SFDC Automation Code _02012018\SFDC-Automation\SFDC_Automation_Regression_Test_Scripts\src\main\resources
2018-04-02 15:26:40,884 [Worker-11] INFO  o.e.m.c.i.embedder.EclipseLogger - Using 'UTF-8' encoding to copy filtered resources.
2018-04-02 15:26:40,894 [Worker-11] INFO  o.e.m.c.i.embedder.EclipseLogger - Copying 37 resources
